Using pre-set license
Built from '2020.3/staging' branch; Version is '2020.3.18f1 (a7d1c678663c) revision 10998214'; Using compiler version '192528614'; Build Type 'Release'
OS: 'Windows 10 Home; OS build 19044.1645; Version 2009; 64bit' Language: 'en' Physical Memory: 16246 MB
BatchMode: 1, IsHumanControllingUs: 0, StartBugReporterOnCrash: 0, Is64bit: 1, IsPro: 0

COMMAND LINE ARGUMENTS:
D:\Programs\Unity\Unity Editor\2020.3.18f1\Editor\Unity.exe
-adb2
-batchMode
-noUpm
-name
AssetImportWorker0
-projectPath
D:/College/Github/Programming_Year2_CA/ProgrammingYear2_CA
-logFile
Logs/AssetImportWorker0.log
-srvPort
49941
Successfully changed project path to: D:/College/Github/Programming_Year2_CA/ProgrammingYear2_CA
D:/College/Github/Programming_Year2_CA/ProgrammingYear2_CA
Using Asset Import Pipeline V2.
Refreshing native plugins compatible for Editor in 27.71 ms, found 2 plugins.
Preloading 0 native plugins for Editor in 0.00 ms.
Initialize engine version: 2020.3.18f1 (a7d1c678663c)
[Subsystems] Discovering subsystems at path D:/Programs/Unity/Unity Editor/2020.3.18f1/Editor/Data/Resources/UnitySubsystems
[Subsystems] Discovering subsystems at path D:/College/Github/Programming_Year2_CA/ProgrammingYear2_CA/Assets
GfxDevice: creating device client; threaded=0
Direct3D:
    Version:  Direct3D 11.0 [level 11.1]
    Renderer: NVIDIA GeForce RTX 2060 (ID=0x1f08)
    Vendor:   
    VRAM:     5980 MB
    Driver:   30.0.15.1165
Initialize mono
Mono path[0] = 'D:/Programs/Unity/Unity Editor/2020.3.18f1/Editor/Data/Managed'
Mono path[1] = 'D:/Programs/Unity/Unity Editor/2020.3.18f1/Editor/Data/MonoBleedingEdge/lib/mono/unityjit'
Mono config path = 'D:/Programs/Unity/Unity Editor/2020.3.18f1/Editor/Data/MonoBleedingEdge/etc'
Using monoOptions --debugger-agent=transport=dt_socket,embedding=1,server=y,suspend=n,address=127.0.0.1:56584
Begin MonoManager ReloadAssembly
Registering precompiled unity dll's ...
Trying to register platform support module: D:/Programs/Unity/Unity Editor/2020.3.18f1/Editor/Data/PlaybackEngines/WebGLSupport/UnityEditor.WebGL.Extensions.dll (that doesn't exist). Retrying without overrides.
Platform support module is not available: D:/Programs/Unity/Unity Editor/2020.3.18f1/Editor/Data/PlaybackEngines/WebGLSupport/UnityEditor.WebGL.Extensions.dll
Register platform support module: D:/Programs/Unity/Unity Editor/2020.3.18f1/Editor/Data/PlaybackEngines/WindowsStandaloneSupport/UnityEditor.WindowsStandalone.Extensions.dll
Registered in 0.000996 seconds.
Native extension for WindowsStandalone target not found
Refreshing native plugins compatible for Editor in 25.67 ms, found 2 plugins.
Preloading 0 native plugins for Editor in 0.00 ms.
Mono: successfully reloaded assembly
- Completed reload, in  1.638 seconds
Domain Reload Profiling:
	ReloadAssembly (1638ms)
		BeginReloadAssembly (51ms)
			ExecutionOrderSort (0ms)
			DisableScriptedObjects (0ms)
			BackupInstance (0ms)
			ReleaseScriptingObjects (0ms)
			CreateAndSetChildDomain (1ms)
		EndReloadAssembly (328ms)
			LoadAssemblies (50ms)
			RebuildTransferFunctionScriptingTraits (0ms)
			SetupTypeCache (122ms)
			ReleaseScriptCaches (0ms)
			RebuildScriptCaches (24ms)
			SetupLoadedEditorAssemblies (127ms)
				LogAssemblyErrors (0ms)
				InitializePlatformSupportModulesInManaged (3ms)
				SetLoadedEditorAssemblies (0ms)
				RefreshPlugins (26ms)
				BeforeProcessingInitializeOnLoad (13ms)
				ProcessInitializeOnLoadAttributes (62ms)
				ProcessInitializeOnLoadMethodAttributes (23ms)
				AfterProcessingInitializeOnLoad (0ms)
				EditorAssembliesLoaded (0ms)
			ExecutionOrderSort2 (0ms)
			AwakeInstancesAfterBackupRestoration (0ms)
Platform modules already initialized, skipping
Registering precompiled user dll's ...
Registered in 0.002650 seconds.
Begin MonoManager ReloadAssembly
Native extension for WindowsStandalone target not found
Refreshing native plugins compatible for Editor in 0.30 ms, found 2 plugins.
Preloading 0 native plugins for Editor in 0.00 ms.
Mono: successfully reloaded assembly
- Completed reload, in  0.803 seconds
Domain Reload Profiling:
	ReloadAssembly (804ms)
		BeginReloadAssembly (118ms)
			ExecutionOrderSort (0ms)
			DisableScriptedObjects (4ms)
			BackupInstance (0ms)
			ReleaseScriptingObjects (0ms)
			CreateAndSetChildDomain (15ms)
		EndReloadAssembly (640ms)
			LoadAssemblies (72ms)
			RebuildTransferFunctionScriptingTraits (0ms)
			SetupTypeCache (221ms)
			ReleaseScriptCaches (0ms)
			RebuildScriptCaches (39ms)
			SetupLoadedEditorAssemblies (241ms)
				LogAssemblyErrors (0ms)
				InitializePlatformSupportModulesInManaged (4ms)
				SetLoadedEditorAssemblies (0ms)
				RefreshPlugins (0ms)
				BeforeProcessingInitializeOnLoad (58ms)
				ProcessInitializeOnLoadAttributes (173ms)
				ProcessInitializeOnLoadMethodAttributes (3ms)
				AfterProcessingInitializeOnLoad (2ms)
				EditorAssembliesLoaded (0ms)
			ExecutionOrderSort2 (0ms)
			AwakeInstancesAfterBackupRestoration (5ms)
Platform modules already initialized, skipping
========================================================================
Worker process is ready to serve import requests
Launched and connected shader compiler UnityShaderCompiler.exe after 0.05 seconds
Refreshing native plugins compatible for Editor in 0.29 ms, found 2 plugins.
Preloading 0 native plugins for Editor in 0.00 ms.
Unloading 1636 Unused Serialized files (Serialized files now loaded: 0)
System memory in use before: 148.3 MB.
System memory in use after: 148.4 MB.

Unloading 19 unused Assets to reduce memory usage. Loaded Objects now: 2078.
Total: 2.653900 ms (FindLiveObjects: 0.261700 ms CreateObjectMapping: 0.110000 ms MarkObjects: 2.202500 ms  DeleteObjects: 0.078800 ms)

AssetImportParameters requested are different than current active one (requested -> active):
  custom:framework-win-MediaFoundation: 216162199b28c13a410421893ffa2e32 -> 
  custom:video-decoder-ogg-theora: a1e56fd34408186e4bbccfd4996cb3dc -> 
  custom:container-muxer-webm: aa71ff27fc2769a1b78a27578f13a17b -> 
  custom:container-demuxer-webm: 4f35f7cbe854078d1ac9338744f61a02 -> 
  custom:container-demuxer-ogg: 62fdf1f143b41e24485cea50d1cbac27 -> 
  custom:video-encoder-webm-vp8: eb34c28f22e8b96e1ab97ce403110664 -> 
  custom:video-codec-MediaFoundation-h265: 746d11721c4dcdbdad8f713fa42b33f4 -> 
  custom:video-decoder-webm-vp8: 9c59270c3fd7afecdb556c50c9e8de78 -> 
  custom:audio-decoder-ogg-vorbis: bf7c407c2cedff20999df2af8eb42d56 -> 
  custom:audio-encoder-webm-vorbis: bf7c407c2cedff20999df2af8eb42d56 -> 
========================================================================
Received Import Request.
  path: Assets/_Art/Coin.png
  artifactKey: Guid(0426933a11969d042a951485dd3f147f) Importer(815301076,1909f56bfc062723c751e8b465ee728b)
Start importing Assets/_Art/Coin.png using Guid(0426933a11969d042a951485dd3f147f) Importer(815301076,1909f56bfc062723c751e8b465ee728b)  -> (artifact id: '18f06ab83ab77d4dcb5d4fc0e7f16e45') in 0.074630 seconds 
  Import took 0.076683 seconds .

========================================================================
Received Import Request.
  Time since last request: 0.674510 seconds.
  path: Assets/_Art/Coin.png
  artifactKey: Guid(0426933a11969d042a951485dd3f147f) Importer(815301076,1909f56bfc062723c751e8b465ee728b)
Start importing Assets/_Art/Coin.png using Guid(0426933a11969d042a951485dd3f147f) Importer(815301076,1909f56bfc062723c751e8b465ee728b)  -> (artifact id: '18f06ab83ab77d4dcb5d4fc0e7f16e45') in 0.005860 seconds 
  Import took 0.008078 seconds .

========================================================================
Received Import Request.
  Time since last request: 12.199718 seconds.
  path: Assets/_Art/Coin.png
  artifactKey: Guid(0426933a11969d042a951485dd3f147f) Importer(815301076,1909f56bfc062723c751e8b465ee728b)
Start importing Assets/_Art/Coin.png using Guid(0426933a11969d042a951485dd3f147f) Importer(815301076,1909f56bfc062723c751e8b465ee728b)  -> (artifact id: '9baecca0263fc1e0cc6f2fa98190b00b') in 0.035849 seconds 
  Import took 0.038039 seconds .

========================================================================
Received Import Request.
  Time since last request: 28.751367 seconds.
  path: Assets/_SO/Coins.asset
  artifactKey: Guid(2966d32a06b71274f850508c3e700253) Importer(815301076,1909f56bfc062723c751e8b465ee728b)
Start importing Assets/_SO/Coins.asset using Guid(2966d32a06b71274f850508c3e700253) Importer(815301076,1909f56bfc062723c751e8b465ee728b)  -> (artifact id: 'a7cf038072062b42c61c842e6394a3b4') in 0.007572 seconds 
  Import took 0.009936 seconds .

========================================================================
Received Import Request.
  Time since last request: 19.772556 seconds.
  path: Assets/_SO/Coins.asset
  artifactKey: Guid(2966d32a06b71274f850508c3e700253) Importer(815301076,1909f56bfc062723c751e8b465ee728b)
Start importing Assets/_SO/Coins.asset using Guid(2966d32a06b71274f850508c3e700253) Importer(815301076,1909f56bfc062723c751e8b465ee728b)  -> (artifact id: '2e0fb7598566eabd81c881d2d7500f0d') in 0.002415 seconds 
  Import took 0.004670 seconds .

========================================================================
Received Import Request.
  Time since last request: 0.000337 seconds.
  path: Assets/_SO/Coins.asset
  artifactKey: Guid(2966d32a06b71274f850508c3e700253) Importer(815301076,1909f56bfc062723c751e8b465ee728b)
Start importing Assets/_SO/Coins.asset using Guid(2966d32a06b71274f850508c3e700253) Importer(815301076,1909f56bfc062723c751e8b465ee728b)  -> (artifact id: '2e0fb7598566eabd81c881d2d7500f0d') in 0.002121 seconds 
  Import took 0.004012 seconds .

========================================================================
Received Import Request.
  Time since last request: 8.310305 seconds.
  path: Assets/_Scripts/Inventory/SlotHolder.prefab
  artifactKey: Guid(570beda02eb13f84aa7d6060966be59d) Importer(815301076,1909f56bfc062723c751e8b465ee728b)
Start importing Assets/_Scripts/Inventory/SlotHolder.prefab using Guid(570beda02eb13f84aa7d6060966be59d) Importer(815301076,1909f56bfc062723c751e8b465ee728b)  -> (artifact id: 'fd953db1847c1a7d2e341c7e31667b54') in 0.052314 seconds 
  Import took 0.054605 seconds .

========================================================================
Received Import Request.
  Time since last request: 1.827745 seconds.
  path: Assets/_Scripts/Inventory/MiscTool.cs
  artifactKey: Guid(484b398fa544fde49adaa204eeb7c6f6) Importer(815301076,1909f56bfc062723c751e8b465ee728b)
Start importing Assets/_Scripts/Inventory/MiscTool.cs using Guid(484b398fa544fde49adaa204eeb7c6f6) Importer(815301076,1909f56bfc062723c751e8b465ee728b)  -> (artifact id: 'c5a832dd1154dabe9d0ce02a28eb3218') in 0.008372 seconds 
  Import took 0.010481 seconds .

========================================================================
Received Import Request.
  Time since last request: 0.000476 seconds.
  path: Assets/_Scripts/Inventory/MiscTool.cs
  artifactKey: Guid(484b398fa544fde49adaa204eeb7c6f6) Importer(815301076,1909f56bfc062723c751e8b465ee728b)
Start importing Assets/_Scripts/Inventory/MiscTool.cs using Guid(484b398fa544fde49adaa204eeb7c6f6) Importer(815301076,1909f56bfc062723c751e8b465ee728b)  -> (artifact id: 'c5a832dd1154dabe9d0ce02a28eb3218') in 0.002230 seconds 
  Import took 0.004294 seconds .

========================================================================
Received Import Request.
  Time since last request: 14.117453 seconds.
  path: Assets/_Scripts/Inventory/ConsumableClass.cs
  artifactKey: Guid(306f5beb97e38fc40aed6195e1734701) Importer(815301076,1909f56bfc062723c751e8b465ee728b)
Start importing Assets/_Scripts/Inventory/ConsumableClass.cs using Guid(306f5beb97e38fc40aed6195e1734701) Importer(815301076,1909f56bfc062723c751e8b465ee728b)  -> (artifact id: '88899e7ead4d9883d16892191030f940') in 0.004987 seconds 
  Import took 0.007291 seconds .

========================================================================
Received Import Request.
  Time since last request: 15.647483 seconds.
  path: Assets/_Scripts/Inventory/MiscClass.cs
  artifactKey: Guid(484b398fa544fde49adaa204eeb7c6f6) Importer(815301076,1909f56bfc062723c751e8b465ee728b)
Start importing Assets/_Scripts/Inventory/MiscClass.cs using Guid(484b398fa544fde49adaa204eeb7c6f6) Importer(815301076,1909f56bfc062723c751e8b465ee728b)  -> (artifact id: 'c4ee7abd3e1529ab87f6555897590391') in 0.008127 seconds 
  Import took 0.010702 seconds .

========================================================================
Received Prepare
Registering precompiled user dll's ...
Registered in 0.003444 seconds.
Begin MonoManager ReloadAssembly
Native extension for WindowsStandalone target not found
Refreshing native plugins compatible for Editor in 0.30 ms, found 2 plugins.
Preloading 0 native plugins for Editor in 0.00 ms.
Mono: successfully reloaded assembly
- Completed reload, in  0.766 seconds
Domain Reload Profiling:
	ReloadAssembly (767ms)
		BeginReloadAssembly (98ms)
			ExecutionOrderSort (0ms)
			DisableScriptedObjects (4ms)
			BackupInstance (0ms)
			ReleaseScriptingObjects (0ms)
			CreateAndSetChildDomain (26ms)
		EndReloadAssembly (620ms)
			LoadAssemblies (71ms)
			RebuildTransferFunctionScriptingTraits (0ms)
			SetupTypeCache (227ms)
			ReleaseScriptCaches (1ms)
			RebuildScriptCaches (31ms)
			SetupLoadedEditorAssemblies (223ms)
				LogAssemblyErrors (0ms)
				InitializePlatformSupportModulesInManaged (4ms)
				SetLoadedEditorAssemblies (0ms)
				RefreshPlugins (0ms)
				BeforeProcessingInitializeOnLoad (54ms)
				ProcessInitializeOnLoadAttributes (160ms)
				ProcessInitializeOnLoadMethodAttributes (3ms)
				AfterProcessingInitializeOnLoad (2ms)
				EditorAssembliesLoaded (0ms)
			ExecutionOrderSort2 (0ms)
			AwakeInstancesAfterBackupRestoration (5ms)
Platform modules already initialized, skipping
Refreshing native plugins compatible for Editor in 0.39 ms, found 2 plugins.
Preloading 0 native plugins for Editor in 0.00 ms.
Unloading 1615 Unused Serialized files (Serialized files now loaded: 0)
System memory in use before: 149.8 MB.
System memory in use after: 149.9 MB.

Unloading 15 unused Assets to reduce memory usage. Loaded Objects now: 2086.
Total: 2.105800 ms (FindLiveObjects: 0.139100 ms CreateObjectMapping: 0.042700 ms MarkObjects: 1.906800 ms  DeleteObjects: 0.016600 ms)

AssetImportParameters requested are different than current active one (requested -> active):
  custom:framework-win-MediaFoundation: 216162199b28c13a410421893ffa2e32 -> 
  custom:video-decoder-ogg-theora: a1e56fd34408186e4bbccfd4996cb3dc -> 
  custom:container-muxer-webm: aa71ff27fc2769a1b78a27578f13a17b -> 
  custom:container-demuxer-webm: 4f35f7cbe854078d1ac9338744f61a02 -> 
  custom:container-demuxer-ogg: 62fdf1f143b41e24485cea50d1cbac27 -> 
  custom:video-encoder-webm-vp8: eb34c28f22e8b96e1ab97ce403110664 -> 
  custom:video-codec-MediaFoundation-h265: 746d11721c4dcdbdad8f713fa42b33f4 -> 
  custom:video-decoder-webm-vp8: 9c59270c3fd7afecdb556c50c9e8de78 -> 
  custom:audio-decoder-ogg-vorbis: bf7c407c2cedff20999df2af8eb42d56 -> 
  custom:audio-encoder-webm-vorbis: bf7c407c2cedff20999df2af8eb42d56 -> 
========================================================================
Received Import Request.
  Time since last request: 34.181190 seconds.
  path: Assets/_SO/new Item Class.asset
  artifactKey: Guid(3f747020396a86f4ebdd9404f40f268f) Importer(815301076,1909f56bfc062723c751e8b465ee728b)
Start importing Assets/_SO/new Item Class.asset using Guid(3f747020396a86f4ebdd9404f40f268f) Importer(815301076,1909f56bfc062723c751e8b465ee728b)  -> (artifact id: 'a6b4d88017a56bdc7013a2c829fcbf85') in 0.015799 seconds 
  Import took 0.018311 seconds .

========================================================================
Received Import Request.
  Time since last request: 0.000385 seconds.
  path: Assets/_SO/new Item Class.asset
  artifactKey: Guid(3f747020396a86f4ebdd9404f40f268f) Importer(815301076,1909f56bfc062723c751e8b465ee728b)
Start importing Assets/_SO/new Item Class.asset using Guid(3f747020396a86f4ebdd9404f40f268f) Importer(815301076,1909f56bfc062723c751e8b465ee728b)  -> (artifact id: 'a6b4d88017a56bdc7013a2c829fcbf85') in 0.002412 seconds 
  Import took 0.004469 seconds .

========================================================================
Received Import Request.
  Time since last request: 15.218085 seconds.
  path: Assets/_SO/new Item Class.asset
  artifactKey: Guid(3f747020396a86f4ebdd9404f40f268f) Importer(815301076,1909f56bfc062723c751e8b465ee728b)
Start importing Assets/_SO/new Item Class.asset using Guid(3f747020396a86f4ebdd9404f40f268f) Importer(815301076,1909f56bfc062723c751e8b465ee728b)  -> (artifact id: 'cc6a34cf1418b5e5428818ad9a9da141') in 0.002608 seconds 
  Import took 0.004856 seconds .

========================================================================
Received Import Request.
  Time since last request: 0.004522 seconds.
  path: Assets/_SO/new Item Class.asset
  artifactKey: Guid(3f747020396a86f4ebdd9404f40f268f) Importer(815301076,1909f56bfc062723c751e8b465ee728b)
Start importing Assets/_SO/new Item Class.asset using Guid(3f747020396a86f4ebdd9404f40f268f) Importer(815301076,1909f56bfc062723c751e8b465ee728b)  -> (artifact id: 'cc6a34cf1418b5e5428818ad9a9da141') in 0.002451 seconds 
  Import took 0.004586 seconds .

========================================================================
Received Import Request.
  Time since last request: 31.290715 seconds.
  path: Assets/_SO/Coin.asset
  artifactKey: Guid(3f747020396a86f4ebdd9404f40f268f) Importer(815301076,1909f56bfc062723c751e8b465ee728b)
Start importing Assets/_SO/Coin.asset using Guid(3f747020396a86f4ebdd9404f40f268f) Importer(815301076,1909f56bfc062723c751e8b465ee728b)  -> (artifact id: 'cd7c8773a31dcda8237982f34dbc1078') in 0.005137 seconds 
  Import took 0.007363 seconds .

========================================================================
Received Prepare
Registering precompiled user dll's ...
Registered in 0.002633 seconds.
Begin MonoManager ReloadAssembly
Native extension for WindowsStandalone target not found
Refreshing native plugins compatible for Editor in 0.30 ms, found 2 plugins.
Preloading 0 native plugins for Editor in 0.00 ms.
Mono: successfully reloaded assembly
- Completed reload, in  0.764 seconds
Domain Reload Profiling:
	ReloadAssembly (765ms)
		BeginReloadAssembly (91ms)
			ExecutionOrderSort (0ms)
			DisableScriptedObjects (3ms)
			BackupInstance (0ms)
			ReleaseScriptingObjects (0ms)
			CreateAndSetChildDomain (26ms)
		EndReloadAssembly (624ms)
			LoadAssemblies (76ms)
			RebuildTransferFunctionScriptingTraits (0ms)
			SetupTypeCache (232ms)
			ReleaseScriptCaches (1ms)
			RebuildScriptCaches (31ms)
			SetupLoadedEditorAssemblies (218ms)
				LogAssemblyErrors (0ms)
				InitializePlatformSupportModulesInManaged (4ms)
				SetLoadedEditorAssemblies (0ms)
				RefreshPlugins (0ms)
				BeforeProcessingInitializeOnLoad (51ms)
				ProcessInitializeOnLoadAttributes (157ms)
				ProcessInitializeOnLoadMethodAttributes (3ms)
				AfterProcessingInitializeOnLoad (2ms)
				EditorAssembliesLoaded (0ms)
			ExecutionOrderSort2 (0ms)
			AwakeInstancesAfterBackupRestoration (5ms)
Platform modules already initialized, skipping
Refreshing native plugins compatible for Editor in 0.33 ms, found 2 plugins.
Preloading 0 native plugins for Editor in 0.00 ms.
Unloading 1615 Unused Serialized files (Serialized files now loaded: 0)
System memory in use before: 149.9 MB.
System memory in use after: 150.0 MB.

Unloading 14 unused Assets to reduce memory usage. Loaded Objects now: 2088.
Total: 2.067500 ms (FindLiveObjects: 0.139200 ms CreateObjectMapping: 0.041600 ms MarkObjects: 1.872700 ms  DeleteObjects: 0.013200 ms)

AssetImportParameters requested are different than current active one (requested -> active):
  custom:framework-win-MediaFoundation: 216162199b28c13a410421893ffa2e32 -> 
  custom:video-decoder-ogg-theora: a1e56fd34408186e4bbccfd4996cb3dc -> 
  custom:container-muxer-webm: aa71ff27fc2769a1b78a27578f13a17b -> 
  custom:container-demuxer-webm: 4f35f7cbe854078d1ac9338744f61a02 -> 
  custom:container-demuxer-ogg: 62fdf1f143b41e24485cea50d1cbac27 -> 
  custom:video-encoder-webm-vp8: eb34c28f22e8b96e1ab97ce403110664 -> 
  custom:video-codec-MediaFoundation-h265: 746d11721c4dcdbdad8f713fa42b33f4 -> 
  custom:video-decoder-webm-vp8: 9c59270c3fd7afecdb556c50c9e8de78 -> 
  custom:audio-decoder-ogg-vorbis: bf7c407c2cedff20999df2af8eb42d56 -> 
  custom:audio-encoder-webm-vorbis: bf7c407c2cedff20999df2af8eb42d56 -> 
========================================================================
Received Prepare
Registering precompiled user dll's ...
Registered in 0.003863 seconds.
Begin MonoManager ReloadAssembly
Native extension for WindowsStandalone target not found
Refreshing native plugins compatible for Editor in 0.30 ms, found 2 plugins.
Preloading 0 native plugins for Editor in 0.00 ms.
Mono: successfully reloaded assembly
- Completed reload, in  0.728 seconds
Domain Reload Profiling:
	ReloadAssembly (728ms)
		BeginReloadAssembly (104ms)
			ExecutionOrderSort (0ms)
			DisableScriptedObjects (3ms)
			BackupInstance (0ms)
			ReleaseScriptingObjects (0ms)
			CreateAndSetChildDomain (28ms)
		EndReloadAssembly (581ms)
			LoadAssemblies (68ms)
			RebuildTransferFunctionScriptingTraits (0ms)
			SetupTypeCache (202ms)
			ReleaseScriptCaches (1ms)
			RebuildScriptCaches (31ms)
			SetupLoadedEditorAssemblies (214ms)
				LogAssemblyErrors (0ms)
				InitializePlatformSupportModulesInManaged (4ms)
				SetLoadedEditorAssemblies (0ms)
				RefreshPlugins (0ms)
				BeforeProcessingInitializeOnLoad (50ms)
				ProcessInitializeOnLoadAttributes (155ms)
				ProcessInitializeOnLoadMethodAttributes (3ms)
				AfterProcessingInitializeOnLoad (2ms)
				EditorAssembliesLoaded (0ms)
			ExecutionOrderSort2 (0ms)
			AwakeInstancesAfterBackupRestoration (5ms)
Platform modules already initialized, skipping
Refreshing native plugins compatible for Editor in 0.30 ms, found 2 plugins.
Preloading 0 native plugins for Editor in 0.00 ms.
Unloading 1615 Unused Serialized files (Serialized files now loaded: 0)
System memory in use before: 149.9 MB.
System memory in use after: 150.0 MB.

Unloading 14 unused Assets to reduce memory usage. Loaded Objects now: 2090.
Total: 2.065200 ms (FindLiveObjects: 0.124200 ms CreateObjectMapping: 0.046900 ms MarkObjects: 1.881100 ms  DeleteObjects: 0.012300 ms)

AssetImportParameters requested are different than current active one (requested -> active):
  custom:framework-win-MediaFoundation: 216162199b28c13a410421893ffa2e32 -> 
  custom:video-decoder-ogg-theora: a1e56fd34408186e4bbccfd4996cb3dc -> 
  custom:container-muxer-webm: aa71ff27fc2769a1b78a27578f13a17b -> 
  custom:container-demuxer-webm: 4f35f7cbe854078d1ac9338744f61a02 -> 
  custom:container-demuxer-ogg: 62fdf1f143b41e24485cea50d1cbac27 -> 
  custom:video-encoder-webm-vp8: eb34c28f22e8b96e1ab97ce403110664 -> 
  custom:video-codec-MediaFoundation-h265: 746d11721c4dcdbdad8f713fa42b33f4 -> 
  custom:video-decoder-webm-vp8: 9c59270c3fd7afecdb556c50c9e8de78 -> 
  custom:audio-decoder-ogg-vorbis: bf7c407c2cedff20999df2af8eb42d56 -> 
  custom:audio-encoder-webm-vorbis: bf7c407c2cedff20999df2af8eb42d56 -> 
AssetImportWorkerClient::OnTransportError - code=2 error=End of file
